[18-Sep-2024 15:16:56 UTC] PHP Deprecated:  La función wp_update_https_detection_errors ha quedado <strong>obsoleta</strong> desde la versión 6.4.0 y no hay alternativas disponibles. in C:\xampp\htdocs\INSOR\wp-includes\functions.php on line 6085
[18-Sep-2024 15:16:59 UTC] Automatic updates starting...
[18-Sep-2024 15:17:00 UTC] Automatic updates complete.
[19-Sep-2024 12:26:01 UTC] Automatic updates starting...
[19-Sep-2024 12:26:01 UTC] Automatic updates complete.
[19-Sep-2024 14:49:34 UTC] PHP Notice:  La función WP_Scripts::localize ha sido llamada <strong>de forma incorrecta</strong>. El parámetro <code>$l10n</code> debe ser un array. Para pasar datos arbitrarios a los scripts, usa en su lugar la función <code>wp_add_inline_script()</code>. Por favor, visita <a href="https://developer.wordpress.org/advanced-administration/debug/debug-wordpress/">Depuración en WordPress</a> para más información. (Este mensaje se añadió en la versión 5.7.0.) in C:\xampp\htdocs\INSOR\wp-includes\functions.php on line 6085
[19-Sep-2024 14:49:34 UTC] PHP Notice:  La función WP_Scripts::localize ha sido llamada <strong>de forma incorrecta</strong>. El parámetro <code>$l10n</code> debe ser un array. Para pasar datos arbitrarios a los scripts, usa en su lugar la función <code>wp_add_inline_script()</code>. Por favor, visita <a href="https://developer.wordpress.org/advanced-administration/debug/debug-wordpress/">Depuración en WordPress</a> para más información. (Este mensaje se añadió en la versión 5.7.0.) in C:\xampp\htdocs\INSOR\wp-includes\functions.php on line 6085
[24-Sep-2024 17:00:34 UTC] PHP Deprecated:  File class-oembed.php is <strong>deprecated</strong> since version 5.3.0! Use wp-includes/class-wp-oembed.php instead. in C:\xampp\htdocs\INSOR\wp-includes\functions.php on line 6085
[24-Sep-2024 17:00:36 UTC] PHP Deprecated:  File class-oembed.php is <strong>deprecated</strong> since version 5.3.0! Use wp-includes/class-wp-oembed.php instead. in C:\xampp\htdocs\INSOR\wp-includes\functions.php on line 6085
[24-Sep-2024 17:00:37 UTC] PHP Notice:  La función WP_Scripts::localize ha sido llamada <strong>de forma incorrecta</strong>. El parámetro <code>$l10n</code> debe ser un array. Para pasar datos arbitrarios a los scripts, usa en su lugar la función <code>wp_add_inline_script()</code>. Por favor, visita <a href="https://developer.wordpress.org/advanced-administration/debug/debug-wordpress/">Depuración en WordPress</a> para más información. (Este mensaje se añadió en la versión 5.7.0.) in C:\xampp\htdocs\INSOR\wp-includes\functions.php on line 6085
[24-Sep-2024 17:00:37 UTC] PHP Notice:  La función WP_Scripts::localize ha sido llamada <strong>de forma incorrecta</strong>. El parámetro <code>$l10n</code> debe ser un array. Para pasar datos arbitrarios a los scripts, usa en su lugar la función <code>wp_add_inline_script()</code>. Por favor, visita <a href="https://developer.wordpress.org/advanced-administration/debug/debug-wordpress/">Depuración en WordPress</a> para más información. (Este mensaje se añadió en la versión 5.7.0.) in C:\xampp\htdocs\INSOR\wp-includes\functions.php on line 6085
[24-Sep-2024 17:00:54 UTC] PHP Deprecated:  File class-oembed.php is <strong>deprecated</strong> since version 5.3.0! Use wp-includes/class-wp-oembed.php instead. in C:\xampp\htdocs\INSOR\wp-includes\functions.php on line 6085
[24-Sep-2024 17:00:55 UTC] PHP Notice:  La función WP_Scripts::localize ha sido llamada <strong>de forma incorrecta</strong>. El parámetro <code>$l10n</code> debe ser un array. Para pasar datos arbitrarios a los scripts, usa en su lugar la función <code>wp_add_inline_script()</code>. Por favor, visita <a href="https://developer.wordpress.org/advanced-administration/debug/debug-wordpress/">Depuración en WordPress</a> para más información. (Este mensaje se añadió en la versión 5.7.0.) in C:\xampp\htdocs\INSOR\wp-includes\functions.php on line 6085
[24-Sep-2024 17:00:55 UTC] PHP Notice:  La función WP_Scripts::localize ha sido llamada <strong>de forma incorrecta</strong>. El parámetro <code>$l10n</code> debe ser un array. Para pasar datos arbitrarios a los scripts, usa en su lugar la función <code>wp_add_inline_script()</code>. Por favor, visita <a href="https://developer.wordpress.org/advanced-administration/debug/debug-wordpress/">Depuración en WordPress</a> para más información. (Este mensaje se añadió en la versión 5.7.0.) in C:\xampp\htdocs\INSOR\wp-includes\functions.php on line 6085
[24-Sep-2024 17:01:01 UTC] PHP Deprecated:  File class-oembed.php is <strong>deprecated</strong> since version 5.3.0! Use wp-includes/class-wp-oembed.php instead. in C:\xampp\htdocs\INSOR\wp-includes\functions.php on line 6085
[24-Sep-2024 17:01:02 UTC] PHP Notice:  La función WP_Scripts::localize ha sido llamada <strong>de forma incorrecta</strong>. El parámetro <code>$l10n</code> debe ser un array. Para pasar datos arbitrarios a los scripts, usa en su lugar la función <code>wp_add_inline_script()</code>. Por favor, visita <a href="https://developer.wordpress.org/advanced-administration/debug/debug-wordpress/">Depuración en WordPress</a> para más información. (Este mensaje se añadió en la versión 5.7.0.) in C:\xampp\htdocs\INSOR\wp-includes\functions.php on line 6085
[24-Sep-2024 17:01:02 UTC] PHP Notice:  La función WP_Scripts::localize ha sido llamada <strong>de forma incorrecta</strong>. El parámetro <code>$l10n</code> debe ser un array. Para pasar datos arbitrarios a los scripts, usa en su lugar la función <code>wp_add_inline_script()</code>. Por favor, visita <a href="https://developer.wordpress.org/advanced-administration/debug/debug-wordpress/">Depuración en WordPress</a> para más información. (Este mensaje se añadió en la versión 5.7.0.) in C:\xampp\htdocs\INSOR\wp-includes\functions.php on line 6085
[24-Sep-2024 17:01:09 UTC] PHP Notice:  La función WP_Scripts::localize ha sido llamada <strong>de forma incorrecta</strong>. El parámetro <code>$l10n</code> debe ser un array. Para pasar datos arbitrarios a los scripts, usa en su lugar la función <code>wp_add_inline_script()</code>. Por favor, visita <a href="https://developer.wordpress.org/advanced-administration/debug/debug-wordpress/">Depuración en WordPress</a> para más información. (Este mensaje se añadió en la versión 5.7.0.) in C:\xampp\htdocs\INSOR\wp-includes\functions.php on line 6085
[24-Sep-2024 17:01:09 UTC] PHP Notice:  La función WP_Scripts::localize ha sido llamada <strong>de forma incorrecta</strong>. El parámetro <code>$l10n</code> debe ser un array. Para pasar datos arbitrarios a los scripts, usa en su lugar la función <code>wp_add_inline_script()</code>. Por favor, visita <a href="https://developer.wordpress.org/advanced-administration/debug/debug-wordpress/">Depuración en WordPress</a> para más información. (Este mensaje se añadió en la versión 5.7.0.) in C:\xampp\htdocs\INSOR\wp-includes\functions.php on line 6085
[24-Sep-2024 17:01:19 UTC] PHP Notice:  La función WP_Scripts::localize ha sido llamada <strong>de forma incorrecta</strong>. El parámetro <code>$l10n</code> debe ser un array. Para pasar datos arbitrarios a los scripts, usa en su lugar la función <code>wp_add_inline_script()</code>. Por favor, visita <a href="https://developer.wordpress.org/advanced-administration/debug/debug-wordpress/">Depuración en WordPress</a> para más información. (Este mensaje se añadió en la versión 5.7.0.) in C:\xampp\htdocs\INSOR\wp-includes\functions.php on line 6085
[24-Sep-2024 17:01:19 UTC] PHP Notice:  La función WP_Scripts::localize ha sido llamada <strong>de forma incorrecta</strong>. El parámetro <code>$l10n</code> debe ser un array. Para pasar datos arbitrarios a los scripts, usa en su lugar la función <code>wp_add_inline_script()</code>. Por favor, visita <a href="https://developer.wordpress.org/advanced-administration/debug/debug-wordpress/">Depuración en WordPress</a> para más información. (Este mensaje se añadió en la versión 5.7.0.) in C:\xampp\htdocs\INSOR\wp-includes\functions.php on line 6085
[24-Sep-2024 17:01:27 UTC] PHP Deprecated:  ¡El archivo class-oembed.php ha quedado <strong>obsoleto</strong> desde la versión 5.3.0! Usa wp-includes/class-wp-oembed.php en su lugar. in C:\xampp\htdocs\INSOR\wp-includes\functions.php on line 6085
[24-Sep-2024 17:01:27 UTC] PHP Deprecated:  File class-oembed.php is <strong>deprecated</strong> since version 5.3.0! Use wp-includes/class-wp-oembed.php instead. in C:\xampp\htdocs\INSOR\wp-includes\functions.php on line 6085
[24-Sep-2024 17:01:31 UTC] PHP Deprecated:  File class-oembed.php is <strong>deprecated</strong> since version 5.3.0! Use wp-includes/class-wp-oembed.php instead. in C:\xampp\htdocs\INSOR\wp-includes\functions.php on line 6085
[24-Sep-2024 17:01:31 UTC] PHP Deprecated:  File class-oembed.php is <strong>deprecated</strong> since version 5.3.0! Use wp-includes/class-wp-oembed.php instead. in C:\xampp\htdocs\INSOR\wp-includes\functions.php on line 6085
[24-Sep-2024 17:01:33 UTC] PHP Deprecated:  File class-oembed.php is <strong>deprecated</strong> since version 5.3.0! Use wp-includes/class-wp-oembed.php instead. in C:\xampp\htdocs\INSOR\wp-includes\functions.php on line 6085
[24-Sep-2024 17:01:34 UTC] PHP Deprecated:  File class-oembed.php is <strong>deprecated</strong> since version 5.3.0! Use wp-includes/class-wp-oembed.php instead. in C:\xampp\htdocs\INSOR\wp-includes\functions.php on line 6085
[24-Sep-2024 17:01:41 UTC] PHP Deprecated:  File class-oembed.php is <strong>deprecated</strong> since version 5.3.0! Use wp-includes/class-wp-oembed.php instead. in C:\xampp\htdocs\INSOR\wp-includes\functions.php on line 6085
[24-Sep-2024 19:49:14 UTC] PHP Warning:  simplexml_load_string(): Entity: line 2: parser error : AttValue: &quot; or ' expected in C:\xampp\htdocs\INSOR\wp-content\plugins\ajax-search-lite\includes\classes\suggest\google_suggest.class.php on line 52
[24-Sep-2024 19:49:14 UTC] PHP Warning:  simplexml_load_string(): &lt;html lang=en&gt; in C:\xampp\htdocs\INSOR\wp-content\plugins\ajax-search-lite\includes\classes\suggest\google_suggest.class.php on line 52
[24-Sep-2024 19:49:14 UTC] PHP Warning:  simplexml_load_string():            ^ in C:\xampp\htdocs\INSOR\wp-content\plugins\ajax-search-lite\includes\classes\suggest\google_suggest.class.php on line 52
[24-Sep-2024 19:49:14 UTC] PHP Warning:  simplexml_load_string(): Entity: line 2: parser error : attributes construct error in C:\xampp\htdocs\INSOR\wp-content\plugins\ajax-search-lite\includes\classes\suggest\google_suggest.class.php on line 52
[24-Sep-2024 19:49:14 UTC] PHP Warning:  simplexml_load_string(): &lt;html lang=en&gt; in C:\xampp\htdocs\INSOR\wp-content\plugins\ajax-search-lite\includes\classes\suggest\google_suggest.class.php on line 52
[24-Sep-2024 19:49:14 UTC] PHP Warning:  simplexml_load_string():            ^ in C:\xampp\htdocs\INSOR\wp-content\plugins\ajax-search-lite\includes\classes\suggest\google_suggest.class.php on line 52
[24-Sep-2024 19:49:14 UTC] PHP Warning:  simplexml_load_string(): Entity: line 2: parser error : Couldn't find end of Start Tag html line 2 in C:\xampp\htdocs\INSOR\wp-content\plugins\ajax-search-lite\includes\classes\suggest\google_suggest.class.php on line 52
[24-Sep-2024 19:49:14 UTC] PHP Warning:  simplexml_load_string(): &lt;html lang=en&gt; in C:\xampp\htdocs\INSOR\wp-content\plugins\ajax-search-lite\includes\classes\suggest\google_suggest.class.php on line 52
[24-Sep-2024 19:49:14 UTC] PHP Warning:  simplexml_load_string():            ^ in C:\xampp\htdocs\INSOR\wp-content\plugins\ajax-search-lite\includes\classes\suggest\google_suggest.class.php on line 52
[24-Sep-2024 19:49:14 UTC] PHP Warning:  simplexml_load_string(): Entity: line 2: parser error : Extra content at the end of the document in C:\xampp\htdocs\INSOR\wp-content\plugins\ajax-search-lite\includes\classes\suggest\google_suggest.class.php on line 52
[24-Sep-2024 19:49:14 UTC] PHP Warning:  simplexml_load_string(): &lt;html lang=en&gt; in C:\xampp\htdocs\INSOR\wp-content\plugins\ajax-search-lite\includes\classes\suggest\google_suggest.class.php on line 52
[24-Sep-2024 19:49:14 UTC] PHP Warning:  simplexml_load_string():            ^ in C:\xampp\htdocs\INSOR\wp-content\plugins\ajax-search-lite\includes\classes\suggest\google_suggest.class.php on line 52
[24-Sep-2024 19:56:07 UTC] PHP Warning:  simplexml_load_string(): Entity: line 2: parser error : AttValue: &quot; or ' expected in C:\xampp\htdocs\INSOR\wp-content\plugins\ajax-search-lite\includes\classes\suggest\google_suggest.class.php on line 52
[24-Sep-2024 19:56:07 UTC] PHP Warning:  simplexml_load_string(): &lt;html lang=en&gt; in C:\xampp\htdocs\INSOR\wp-content\plugins\ajax-search-lite\includes\classes\suggest\google_suggest.class.php on line 52
[24-Sep-2024 19:56:07 UTC] PHP Warning:  simplexml_load_string():            ^ in C:\xampp\htdocs\INSOR\wp-content\plugins\ajax-search-lite\includes\classes\suggest\google_suggest.class.php on line 52
[24-Sep-2024 19:56:07 UTC] PHP Warning:  simplexml_load_string(): Entity: line 2: parser error : attributes construct error in C:\xampp\htdocs\INSOR\wp-content\plugins\ajax-search-lite\includes\classes\suggest\google_suggest.class.php on line 52
[24-Sep-2024 19:56:07 UTC] PHP Warning:  simplexml_load_string(): &lt;html lang=en&gt; in C:\xampp\htdocs\INSOR\wp-content\plugins\ajax-search-lite\includes\classes\suggest\google_suggest.class.php on line 52
[24-Sep-2024 19:56:07 UTC] PHP Warning:  simplexml_load_string():            ^ in C:\xampp\htdocs\INSOR\wp-content\plugins\ajax-search-lite\includes\classes\suggest\google_suggest.class.php on line 52
[24-Sep-2024 19:56:07 UTC] PHP Warning:  simplexml_load_string(): Entity: line 2: parser error : Couldn't find end of Start Tag html line 2 in C:\xampp\htdocs\INSOR\wp-content\plugins\ajax-search-lite\includes\classes\suggest\google_suggest.class.php on line 52
[24-Sep-2024 19:56:07 UTC] PHP Warning:  simplexml_load_string(): &lt;html lang=en&gt; in C:\xampp\htdocs\INSOR\wp-content\plugins\ajax-search-lite\includes\classes\suggest\google_suggest.class.php on line 52
[24-Sep-2024 19:56:07 UTC] PHP Warning:  simplexml_load_string():            ^ in C:\xampp\htdocs\INSOR\wp-content\plugins\ajax-search-lite\includes\classes\suggest\google_suggest.class.php on line 52
[24-Sep-2024 19:56:07 UTC] PHP Warning:  simplexml_load_string(): Entity: line 2: parser error : Extra content at the end of the document in C:\xampp\htdocs\INSOR\wp-content\plugins\ajax-search-lite\includes\classes\suggest\google_suggest.class.php on line 52
[24-Sep-2024 19:56:07 UTC] PHP Warning:  simplexml_load_string(): &lt;html lang=en&gt; in C:\xampp\htdocs\INSOR\wp-content\plugins\ajax-search-lite\includes\classes\suggest\google_suggest.class.php on line 52
[24-Sep-2024 19:56:07 UTC] PHP Warning:  simplexml_load_string():            ^ in C:\xampp\htdocs\INSOR\wp-content\plugins\ajax-search-lite\includes\classes\suggest\google_suggest.class.php on line 52
[24-Sep-2024 19:57:51 UTC] PHP Warning:  simplexml_load_string(): Entity: line 2: parser error : AttValue: &quot; or ' expected in C:\xampp\htdocs\INSOR\wp-content\plugins\ajax-search-lite\includes\classes\suggest\google_suggest.class.php on line 52
[24-Sep-2024 19:57:51 UTC] PHP Warning:  simplexml_load_string(): &lt;html lang=en&gt; in C:\xampp\htdocs\INSOR\wp-content\plugins\ajax-search-lite\includes\classes\suggest\google_suggest.class.php on line 52
[24-Sep-2024 19:57:51 UTC] PHP Warning:  simplexml_load_string():            ^ in C:\xampp\htdocs\INSOR\wp-content\plugins\ajax-search-lite\includes\classes\suggest\google_suggest.class.php on line 52
[24-Sep-2024 19:57:51 UTC] PHP Warning:  simplexml_load_string(): Entity: line 2: parser error : attributes construct error in C:\xampp\htdocs\INSOR\wp-content\plugins\ajax-search-lite\includes\classes\suggest\google_suggest.class.php on line 52
[24-Sep-2024 19:57:51 UTC] PHP Warning:  simplexml_load_string(): &lt;html lang=en&gt; in C:\xampp\htdocs\INSOR\wp-content\plugins\ajax-search-lite\includes\classes\suggest\google_suggest.class.php on line 52
[24-Sep-2024 19:57:51 UTC] PHP Warning:  simplexml_load_string():            ^ in C:\xampp\htdocs\INSOR\wp-content\plugins\ajax-search-lite\includes\classes\suggest\google_suggest.class.php on line 52
[24-Sep-2024 19:57:51 UTC] PHP Warning:  simplexml_load_string(): Entity: line 2: parser error : Couldn't find end of Start Tag html line 2 in C:\xampp\htdocs\INSOR\wp-content\plugins\ajax-search-lite\includes\classes\suggest\google_suggest.class.php on line 52
[24-Sep-2024 19:57:51 UTC] PHP Warning:  simplexml_load_string(): &lt;html lang=en&gt; in C:\xampp\htdocs\INSOR\wp-content\plugins\ajax-search-lite\includes\classes\suggest\google_suggest.class.php on line 52
[24-Sep-2024 19:57:51 UTC] PHP Warning:  simplexml_load_string():            ^ in C:\xampp\htdocs\INSOR\wp-content\plugins\ajax-search-lite\includes\classes\suggest\google_suggest.class.php on line 52
[24-Sep-2024 19:57:51 UTC] PHP Warning:  simplexml_load_string(): Entity: line 2: parser error : Extra content at the end of the document in C:\xampp\htdocs\INSOR\wp-content\plugins\ajax-search-lite\includes\classes\suggest\google_suggest.class.php on line 52
[24-Sep-2024 19:57:51 UTC] PHP Warning:  simplexml_load_string(): &lt;html lang=en&gt; in C:\xampp\htdocs\INSOR\wp-content\plugins\ajax-search-lite\includes\classes\suggest\google_suggest.class.php on line 52
[24-Sep-2024 19:57:51 UTC] PHP Warning:  simplexml_load_string():            ^ in C:\xampp\htdocs\INSOR\wp-content\plugins\ajax-search-lite\includes\classes\suggest\google_suggest.class.php on line 52
[24-Sep-2024 20:04:49 UTC] PHP Warning:  simplexml_load_string(): Entity: line 2: parser error : AttValue: &quot; or ' expected in C:\xampp\htdocs\INSOR\wp-content\plugins\ajax-search-lite\includes\classes\suggest\google_suggest.class.php on line 52
[24-Sep-2024 20:04:49 UTC] PHP Warning:  simplexml_load_string(): &lt;html lang=en&gt; in C:\xampp\htdocs\INSOR\wp-content\plugins\ajax-search-lite\includes\classes\suggest\google_suggest.class.php on line 52
[24-Sep-2024 20:04:49 UTC] PHP Warning:  simplexml_load_string():            ^ in C:\xampp\htdocs\INSOR\wp-content\plugins\ajax-search-lite\includes\classes\suggest\google_suggest.class.php on line 52
[24-Sep-2024 20:04:49 UTC] PHP Warning:  simplexml_load_string(): Entity: line 2: parser error : attributes construct error in C:\xampp\htdocs\INSOR\wp-content\plugins\ajax-search-lite\includes\classes\suggest\google_suggest.class.php on line 52
[24-Sep-2024 20:04:49 UTC] PHP Warning:  simplexml_load_string(): &lt;html lang=en&gt; in C:\xampp\htdocs\INSOR\wp-content\plugins\ajax-search-lite\includes\classes\suggest\google_suggest.class.php on line 52
[24-Sep-2024 20:04:49 UTC] PHP Warning:  simplexml_load_string():            ^ in C:\xampp\htdocs\INSOR\wp-content\plugins\ajax-search-lite\includes\classes\suggest\google_suggest.class.php on line 52
[24-Sep-2024 20:04:49 UTC] PHP Warning:  simplexml_load_string(): Entity: line 2: parser error : Couldn't find end of Start Tag html line 2 in C:\xampp\htdocs\INSOR\wp-content\plugins\ajax-search-lite\includes\classes\suggest\google_suggest.class.php on line 52
[24-Sep-2024 20:04:49 UTC] PHP Warning:  simplexml_load_string(): &lt;html lang=en&gt; in C:\xampp\htdocs\INSOR\wp-content\plugins\ajax-search-lite\includes\classes\suggest\google_suggest.class.php on line 52
[24-Sep-2024 20:04:49 UTC] PHP Warning:  simplexml_load_string():            ^ in C:\xampp\htdocs\INSOR\wp-content\plugins\ajax-search-lite\includes\classes\suggest\google_suggest.class.php on line 52
[24-Sep-2024 20:04:49 UTC] PHP Warning:  simplexml_load_string(): Entity: line 2: parser error : Extra content at the end of the document in C:\xampp\htdocs\INSOR\wp-content\plugins\ajax-search-lite\includes\classes\suggest\google_suggest.class.php on line 52
[24-Sep-2024 20:04:49 UTC] PHP Warning:  simplexml_load_string(): &lt;html lang=en&gt; in C:\xampp\htdocs\INSOR\wp-content\plugins\ajax-search-lite\includes\classes\suggest\google_suggest.class.php on line 52
[24-Sep-2024 20:04:49 UTC] PHP Warning:  simplexml_load_string():            ^ in C:\xampp\htdocs\INSOR\wp-content\plugins\ajax-search-lite\includes\classes\suggest\google_suggest.class.php on line 52
[24-Sep-2024 20:05:08 UTC] PHP Warning:  simplexml_load_string(): Entity: line 2: parser error : AttValue: &quot; or ' expected in C:\xampp\htdocs\INSOR\wp-content\plugins\ajax-search-lite\includes\classes\suggest\google_suggest.class.php on line 52
[24-Sep-2024 20:05:08 UTC] PHP Warning:  simplexml_load_string(): &lt;html lang=en&gt; in C:\xampp\htdocs\INSOR\wp-content\plugins\ajax-search-lite\includes\classes\suggest\google_suggest.class.php on line 52
[24-Sep-2024 20:05:08 UTC] PHP Warning:  simplexml_load_string():            ^ in C:\xampp\htdocs\INSOR\wp-content\plugins\ajax-search-lite\includes\classes\suggest\google_suggest.class.php on line 52
[24-Sep-2024 20:05:08 UTC] PHP Warning:  simplexml_load_string(): Entity: line 2: parser error : attributes construct error in C:\xampp\htdocs\INSOR\wp-content\plugins\ajax-search-lite\includes\classes\suggest\google_suggest.class.php on line 52
[24-Sep-2024 20:05:08 UTC] PHP Warning:  simplexml_load_string(): &lt;html lang=en&gt; in C:\xampp\htdocs\INSOR\wp-content\plugins\ajax-search-lite\includes\classes\suggest\google_suggest.class.php on line 52
[24-Sep-2024 20:05:08 UTC] PHP Warning:  simplexml_load_string():            ^ in C:\xampp\htdocs\INSOR\wp-content\plugins\ajax-search-lite\includes\classes\suggest\google_suggest.class.php on line 52
[24-Sep-2024 20:05:08 UTC] PHP Warning:  simplexml_load_string(): Entity: line 2: parser error : Couldn't find end of Start Tag html line 2 in C:\xampp\htdocs\INSOR\wp-content\plugins\ajax-search-lite\includes\classes\suggest\google_suggest.class.php on line 52
[24-Sep-2024 20:05:08 UTC] PHP Warning:  simplexml_load_string(): &lt;html lang=en&gt; in C:\xampp\htdocs\INSOR\wp-content\plugins\ajax-search-lite\includes\classes\suggest\google_suggest.class.php on line 52
[24-Sep-2024 20:05:08 UTC] PHP Warning:  simplexml_load_string():            ^ in C:\xampp\htdocs\INSOR\wp-content\plugins\ajax-search-lite\includes\classes\suggest\google_suggest.class.php on line 52
[24-Sep-2024 20:05:08 UTC] PHP Warning:  simplexml_load_string(): Entity: line 2: parser error : Extra content at the end of the document in C:\xampp\htdocs\INSOR\wp-content\plugins\ajax-search-lite\includes\classes\suggest\google_suggest.class.php on line 52
[24-Sep-2024 20:05:08 UTC] PHP Warning:  simplexml_load_string(): &lt;html lang=en&gt; in C:\xampp\htdocs\INSOR\wp-content\plugins\ajax-search-lite\includes\classes\suggest\google_suggest.class.php on line 52
[24-Sep-2024 20:05:08 UTC] PHP Warning:  simplexml_load_string():            ^ in C:\xampp\htdocs\INSOR\wp-content\plugins\ajax-search-lite\includes\classes\suggest\google_suggest.class.php on line 52
[24-Sep-2024 20:19:55 UTC] PHP Warning:  simplexml_load_string(): Entity: line 2: parser error : AttValue: &quot; or ' expected in C:\xampp\htdocs\INSOR\wp-content\plugins\ajax-search-lite\includes\classes\suggest\google_suggest.class.php on line 52
[24-Sep-2024 20:19:55 UTC] PHP Warning:  simplexml_load_string(): &lt;html lang=en&gt; in C:\xampp\htdocs\INSOR\wp-content\plugins\ajax-search-lite\includes\classes\suggest\google_suggest.class.php on line 52
[24-Sep-2024 20:19:55 UTC] PHP Warning:  simplexml_load_string():            ^ in C:\xampp\htdocs\INSOR\wp-content\plugins\ajax-search-lite\includes\classes\suggest\google_suggest.class.php on line 52
[24-Sep-2024 20:19:55 UTC] PHP Warning:  simplexml_load_string(): Entity: line 2: parser error : attributes construct error in C:\xampp\htdocs\INSOR\wp-content\plugins\ajax-search-lite\includes\classes\suggest\google_suggest.class.php on line 52
[24-Sep-2024 20:19:55 UTC] PHP Warning:  simplexml_load_string(): &lt;html lang=en&gt; in C:\xampp\htdocs\INSOR\wp-content\plugins\ajax-search-lite\includes\classes\suggest\google_suggest.class.php on line 52
[24-Sep-2024 20:19:55 UTC] PHP Warning:  simplexml_load_string():            ^ in C:\xampp\htdocs\INSOR\wp-content\plugins\ajax-search-lite\includes\classes\suggest\google_suggest.class.php on line 52
[24-Sep-2024 20:19:55 UTC] PHP Warning:  simplexml_load_string(): Entity: line 2: parser error : Couldn't find end of Start Tag html line 2 in C:\xampp\htdocs\INSOR\wp-content\plugins\ajax-search-lite\includes\classes\suggest\google_suggest.class.php on line 52
[24-Sep-2024 20:19:55 UTC] PHP Warning:  simplexml_load_string(): &lt;html lang=en&gt; in C:\xampp\htdocs\INSOR\wp-content\plugins\ajax-search-lite\includes\classes\suggest\google_suggest.class.php on line 52
[24-Sep-2024 20:19:55 UTC] PHP Warning:  simplexml_load_string():            ^ in C:\xampp\htdocs\INSOR\wp-content\plugins\ajax-search-lite\includes\classes\suggest\google_suggest.class.php on line 52
[24-Sep-2024 20:19:55 UTC] PHP Warning:  simplexml_load_string(): Entity: line 2: parser error : Extra content at the end of the document in C:\xampp\htdocs\INSOR\wp-content\plugins\ajax-search-lite\includes\classes\suggest\google_suggest.class.php on line 52
[24-Sep-2024 20:19:55 UTC] PHP Warning:  simplexml_load_string(): &lt;html lang=en&gt; in C:\xampp\htdocs\INSOR\wp-content\plugins\ajax-search-lite\includes\classes\suggest\google_suggest.class.php on line 52
[24-Sep-2024 20:19:55 UTC] PHP Warning:  simplexml_load_string():            ^ in C:\xampp\htdocs\INSOR\wp-content\plugins\ajax-search-lite\includes\classes\suggest\google_suggest.class.php on line 52
[24-Sep-2024 20:48:37 UTC] PHP Warning:  simplexml_load_string(): Entity: line 2: parser error : AttValue: &quot; or ' expected in C:\xampp\htdocs\INSOR\wp-content\plugins\ajax-search-lite\includes\classes\suggest\google_suggest.class.php on line 52
[24-Sep-2024 20:48:37 UTC] PHP Warning:  simplexml_load_string(): &lt;html lang=en&gt; in C:\xampp\htdocs\INSOR\wp-content\plugins\ajax-search-lite\includes\classes\suggest\google_suggest.class.php on line 52
[24-Sep-2024 20:48:37 UTC] PHP Warning:  simplexml_load_string():            ^ in C:\xampp\htdocs\INSOR\wp-content\plugins\ajax-search-lite\includes\classes\suggest\google_suggest.class.php on line 52
[24-Sep-2024 20:48:37 UTC] PHP Warning:  simplexml_load_string(): Entity: line 2: parser error : attributes construct error in C:\xampp\htdocs\INSOR\wp-content\plugins\ajax-search-lite\includes\classes\suggest\google_suggest.class.php on line 52
[24-Sep-2024 20:48:37 UTC] PHP Warning:  simplexml_load_string(): &lt;html lang=en&gt; in C:\xampp\htdocs\INSOR\wp-content\plugins\ajax-search-lite\includes\classes\suggest\google_suggest.class.php on line 52
[24-Sep-2024 20:48:37 UTC] PHP Warning:  simplexml_load_string():            ^ in C:\xampp\htdocs\INSOR\wp-content\plugins\ajax-search-lite\includes\classes\suggest\google_suggest.class.php on line 52
[24-Sep-2024 20:48:37 UTC] PHP Warning:  simplexml_load_string(): Entity: line 2: parser error : Couldn't find end of Start Tag html line 2 in C:\xampp\htdocs\INSOR\wp-content\plugins\ajax-search-lite\includes\classes\suggest\google_suggest.class.php on line 52
[24-Sep-2024 20:48:37 UTC] PHP Warning:  simplexml_load_string(): &lt;html lang=en&gt; in C:\xampp\htdocs\INSOR\wp-content\plugins\ajax-search-lite\includes\classes\suggest\google_suggest.class.php on line 52
[24-Sep-2024 20:48:37 UTC] PHP Warning:  simplexml_load_string():            ^ in C:\xampp\htdocs\INSOR\wp-content\plugins\ajax-search-lite\includes\classes\suggest\google_suggest.class.php on line 52
[24-Sep-2024 20:48:37 UTC] PHP Warning:  simplexml_load_string(): Entity: line 2: parser error : Extra content at the end of the document in C:\xampp\htdocs\INSOR\wp-content\plugins\ajax-search-lite\includes\classes\suggest\google_suggest.class.php on line 52
[24-Sep-2024 20:48:37 UTC] PHP Warning:  simplexml_load_string(): &lt;html lang=en&gt; in C:\xampp\htdocs\INSOR\wp-content\plugins\ajax-search-lite\includes\classes\suggest\google_suggest.class.php on line 52
[24-Sep-2024 20:48:37 UTC] PHP Warning:  simplexml_load_string():            ^ in C:\xampp\htdocs\INSOR\wp-content\plugins\ajax-search-lite\includes\classes\suggest\google_suggest.class.php on line 52
[24-Sep-2024 23:56:42 UTC] Automatic updates starting...
[24-Sep-2024 23:56:43 UTC] Automatic updates complete.
[25-Sep-2024 18:04:41 UTC] Automatic updates starting...
[25-Sep-2024 18:04:43 UTC] Automatic updates complete.
[25-Sep-2024 21:06:25 UTC] PHP Notice:  Undefined variable: clase_personalizada in C:\xampp\htdocs\INSOR\wp-content\themes\insor\functions.php on line 28
[25-Sep-2024 21:06:25 UTC] PHP Notice:  Undefined variable: clase_personalizada in C:\xampp\htdocs\INSOR\wp-content\themes\insor\functions.php on line 28
[25-Sep-2024 21:06:25 UTC] PHP Notice:  Undefined variable: clase_personalizada in C:\xampp\htdocs\INSOR\wp-content\themes\insor\functions.php on line 28
[25-Sep-2024 21:06:26 UTC] PHP Notice:  Undefined variable: clase_personalizada in C:\xampp\htdocs\INSOR\wp-content\themes\insor\functions.php on line 28
[25-Sep-2024 21:06:26 UTC] PHP Notice:  Undefined variable: clase_personalizada in C:\xampp\htdocs\INSOR\wp-content\themes\insor\functions.php on line 28
[25-Sep-2024 21:06:26 UTC] PHP Notice:  Undefined variable: clase_personalizada in C:\xampp\htdocs\INSOR\wp-content\themes\insor\functions.php on line 28
[25-Sep-2024 21:06:26 UTC] PHP Notice:  Undefined variable: clase_personalizada in C:\xampp\htdocs\INSOR\wp-content\themes\insor\functions.php on line 28
[25-Sep-2024 21:06:26 UTC] PHP Notice:  Undefined variable: clase_personalizada in C:\xampp\htdocs\INSOR\wp-content\themes\insor\functions.php on line 28
[25-Sep-2024 21:06:26 UTC] PHP Notice:  Undefined variable: clase_personalizada in C:\xampp\htdocs\INSOR\wp-content\themes\insor\functions.php on line 28
[25-Sep-2024 21:06:26 UTC] PHP Notice:  Undefined variable: clase_personalizada in C:\xampp\htdocs\INSOR\wp-content\themes\insor\functions.php on line 28
[25-Sep-2024 21:06:26 UTC] PHP Notice:  Undefined variable: clase_personalizada in C:\xampp\htdocs\INSOR\wp-content\themes\insor\functions.php on line 28
[25-Sep-2024 21:06:26 UTC] PHP Notice:  Undefined variable: clase_personalizada in C:\xampp\htdocs\INSOR\wp-content\themes\insor\functions.php on line 28
[25-Sep-2024 21:06:26 UTC] PHP Notice:  Undefined variable: clase_personalizada in C:\xampp\htdocs\INSOR\wp-content\themes\insor\functions.php on line 28
[25-Sep-2024 21:06:26 UTC] PHP Notice:  Undefined variable: clase_personalizada in C:\xampp\htdocs\INSOR\wp-content\themes\insor\functions.php on line 28
[25-Sep-2024 21:06:26 UTC] PHP Notice:  Undefined variable: clase_personalizada in C:\xampp\htdocs\INSOR\wp-content\themes\insor\functions.php on line 28
[25-Sep-2024 21:07:57 UTC] PHP Notice:  Undefined variable: clase_personalizada in C:\xampp\htdocs\INSOR\wp-content\themes\insor\functions.php on line 28
[25-Sep-2024 21:07:57 UTC] PHP Notice:  Undefined variable: clase_personalizada in C:\xampp\htdocs\INSOR\wp-content\themes\insor\functions.php on line 28
[25-Sep-2024 21:07:57 UTC] PHP Notice:  Undefined variable: clase_personalizada in C:\xampp\htdocs\INSOR\wp-content\themes\insor\functions.php on line 28
[25-Sep-2024 21:07:57 UTC] PHP Notice:  Undefined variable: clase_personalizada in C:\xampp\htdocs\INSOR\wp-content\themes\insor\functions.php on line 28
[25-Sep-2024 21:07:57 UTC] PHP Notice:  Undefined variable: clase_personalizada in C:\xampp\htdocs\INSOR\wp-content\themes\insor\functions.php on line 28
[25-Sep-2024 21:07:57 UTC] PHP Notice:  Undefined variable: clase_personalizada in C:\xampp\htdocs\INSOR\wp-content\themes\insor\functions.php on line 28
[25-Sep-2024 21:07:57 UTC] PHP Notice:  Undefined variable: clase_personalizada in C:\xampp\htdocs\INSOR\wp-content\themes\insor\functions.php on line 28
[25-Sep-2024 21:07:57 UTC] PHP Notice:  Undefined variable: clase_personalizada in C:\xampp\htdocs\INSOR\wp-content\themes\insor\functions.php on line 28
[25-Sep-2024 21:07:57 UTC] PHP Notice:  Undefined variable: clase_personalizada in C:\xampp\htdocs\INSOR\wp-content\themes\insor\functions.php on line 28
[25-Sep-2024 21:07:57 UTC] PHP Notice:  Undefined variable: clase_personalizada in C:\xampp\htdocs\INSOR\wp-content\themes\insor\functions.php on line 28
[25-Sep-2024 21:07:57 UTC] PHP Notice:  Undefined variable: clase_personalizada in C:\xampp\htdocs\INSOR\wp-content\themes\insor\functions.php on line 28
[25-Sep-2024 21:07:57 UTC] PHP Notice:  Undefined variable: clase_personalizada in C:\xampp\htdocs\INSOR\wp-content\themes\insor\functions.php on line 28
[25-Sep-2024 21:07:57 UTC] PHP Notice:  Undefined variable: clase_personalizada in C:\xampp\htdocs\INSOR\wp-content\themes\insor\functions.php on line 28
[25-Sep-2024 21:07:57 UTC] PHP Notice:  Undefined variable: clase_personalizada in C:\xampp\htdocs\INSOR\wp-content\themes\insor\functions.php on line 28
[25-Sep-2024 21:07:57 UTC] PHP Notice:  Undefined variable: clase_personalizada in C:\xampp\htdocs\INSOR\wp-content\themes\insor\functions.php on line 28
[25-Sep-2024 21:07:57 UTC] PHP Notice:  Undefined variable: clase_personalizada in C:\xampp\htdocs\INSOR\wp-content\themes\insor\functions.php on line 28
[25-Sep-2024 21:07:58 UTC] PHP Notice:  Undefined variable: clase_personalizada in C:\xampp\htdocs\INSOR\wp-content\themes\insor\functions.php on line 28
[25-Sep-2024 21:07:58 UTC] PHP Notice:  Undefined variable: clase_personalizada in C:\xampp\htdocs\INSOR\wp-content\themes\insor\functions.php on line 28
[25-Sep-2024 21:07:58 UTC] PHP Notice:  Undefined variable: clase_personalizada in C:\xampp\htdocs\INSOR\wp-content\themes\insor\functions.php on line 28
[25-Sep-2024 21:07:58 UTC] PHP Notice:  Undefined variable: clase_personalizada in C:\xampp\htdocs\INSOR\wp-content\themes\insor\functions.php on line 28
[25-Sep-2024 21:07:58 UTC] PHP Notice:  Undefined variable: clase_personalizada in C:\xampp\htdocs\INSOR\wp-content\themes\insor\functions.php on line 28
[25-Sep-2024 21:07:58 UTC] PHP Notice:  Undefined variable: clase_personalizada in C:\xampp\htdocs\INSOR\wp-content\themes\insor\functions.php on line 28
[25-Sep-2024 21:07:58 UTC] PHP Notice:  Undefined variable: clase_personalizada in C:\xampp\htdocs\INSOR\wp-content\themes\insor\functions.php on line 28
[25-Sep-2024 21:07:58 UTC] PHP Notice:  Undefined variable: clase_personalizada in C:\xampp\htdocs\INSOR\wp-content\themes\insor\functions.php on line 28
[25-Sep-2024 21:07:58 UTC] PHP Notice:  Undefined variable: clase_personalizada in C:\xampp\htdocs\INSOR\wp-content\themes\insor\functions.php on line 28
[25-Sep-2024 21:07:58 UTC] PHP Notice:  Undefined variable: clase_personalizada in C:\xampp\htdocs\INSOR\wp-content\themes\insor\functions.php on line 28
[25-Sep-2024 21:07:58 UTC] PHP Notice:  Undefined variable: clase_personalizada in C:\xampp\htdocs\INSOR\wp-content\themes\insor\functions.php on line 28
[25-Sep-2024 21:07:58 UTC] PHP Notice:  Undefined variable: clase_personalizada in C:\xampp\htdocs\INSOR\wp-content\themes\insor\functions.php on line 28
[25-Sep-2024 21:07:58 UTC] PHP Notice:  Undefined variable: clase_personalizada in C:\xampp\htdocs\INSOR\wp-content\themes\insor\functions.php on line 28
[25-Sep-2024 21:07:58 UTC] PHP Notice:  Undefined variable: clase_personalizada in C:\xampp\htdocs\INSOR\wp-content\themes\insor\functions.php on line 28
[25-Sep-2024 21:07:58 UTC] PHP Notice:  Undefined variable: clase_personalizada in C:\xampp\htdocs\INSOR\wp-content\themes\insor\functions.php on line 28
[25-Sep-2024 21:07:58 UTC] PHP Notice:  Undefined variable: clase_personalizada in C:\xampp\htdocs\INSOR\wp-content\themes\insor\functions.php on line 28
[25-Sep-2024 21:08:52 UTC] PHP Warning:  A non-numeric value encountered in C:\xampp\htdocs\INSOR\wp-content\themes\insor\functions.php on line 24
[25-Sep-2024 21:08:52 UTC] PHP Warning:  A non-numeric value encountered in C:\xampp\htdocs\INSOR\wp-content\themes\insor\functions.php on line 24
[25-Sep-2024 21:08:52 UTC] PHP Warning:  A non-numeric value encountered in C:\xampp\htdocs\INSOR\wp-content\themes\insor\functions.php on line 24
[25-Sep-2024 21:08:52 UTC] PHP Warning:  A non-numeric value encountered in C:\xampp\htdocs\INSOR\wp-content\themes\insor\functions.php on line 24
[25-Sep-2024 21:08:52 UTC] PHP Warning:  A non-numeric value encountered in C:\xampp\htdocs\INSOR\wp-content\themes\insor\functions.php on line 24
[25-Sep-2024 21:08:52 UTC] PHP Warning:  A non-numeric value encountered in C:\xampp\htdocs\INSOR\wp-content\themes\insor\functions.php on line 24
[25-Sep-2024 21:08:52 UTC] PHP Warning:  A non-numeric value encountered in C:\xampp\htdocs\INSOR\wp-content\themes\insor\functions.php on line 24
[25-Sep-2024 21:08:52 UTC] PHP Warning:  A non-numeric value encountered in C:\xampp\htdocs\INSOR\wp-content\themes\insor\functions.php on line 24
[25-Sep-2024 21:08:52 UTC] PHP Warning:  A non-numeric value encountered in C:\xampp\htdocs\INSOR\wp-content\themes\insor\functions.php on line 24
[25-Sep-2024 21:08:52 UTC] PHP Warning:  A non-numeric value encountered in C:\xampp\htdocs\INSOR\wp-content\themes\insor\functions.php on line 24
[25-Sep-2024 21:08:52 UTC] PHP Warning:  A non-numeric value encountered in C:\xampp\htdocs\INSOR\wp-content\themes\insor\functions.php on line 24
[25-Sep-2024 21:08:52 UTC] PHP Warning:  A non-numeric value encountered in C:\xampp\htdocs\INSOR\wp-content\themes\insor\functions.php on line 24
[25-Sep-2024 21:08:52 UTC] PHP Warning:  A non-numeric value encountered in C:\xampp\htdocs\INSOR\wp-content\themes\insor\functions.php on line 24
[25-Sep-2024 21:08:52 UTC] PHP Warning:  A non-numeric value encountered in C:\xampp\htdocs\INSOR\wp-content\themes\insor\functions.php on line 24
[25-Sep-2024 21:08:52 UTC] PHP Warning:  A non-numeric value encountered in C:\xampp\htdocs\INSOR\wp-content\themes\insor\functions.php on line 24
[25-Sep-2024 21:08:52 UTC] PHP Warning:  A non-numeric value encountered in C:\xampp\htdocs\INSOR\wp-content\themes\insor\functions.php on line 24
[25-Sep-2024 21:08:52 UTC] PHP Warning:  A non-numeric value encountered in C:\xampp\htdocs\INSOR\wp-content\themes\insor\functions.php on line 24
[25-Sep-2024 21:08:52 UTC] PHP Warning:  A non-numeric value encountered in C:\xampp\htdocs\INSOR\wp-content\themes\insor\functions.php on line 24
[25-Sep-2024 21:08:52 UTC] PHP Warning:  A non-numeric value encountered in C:\xampp\htdocs\INSOR\wp-content\themes\insor\functions.php on line 24
[25-Sep-2024 21:08:52 UTC] PHP Warning:  A non-numeric value encountered in C:\xampp\htdocs\INSOR\wp-content\themes\insor\functions.php on line 24
[25-Sep-2024 21:08:52 UTC] PHP Warning:  A non-numeric value encountered in C:\xampp\htdocs\INSOR\wp-content\themes\insor\functions.php on line 24
[25-Sep-2024 21:08:52 UTC] PHP Warning:  A non-numeric value encountered in C:\xampp\htdocs\INSOR\wp-content\themes\insor\functions.php on line 24
[25-Sep-2024 21:08:52 UTC] PHP Warning:  A non-numeric value encountered in C:\xampp\htdocs\INSOR\wp-content\themes\insor\functions.php on line 24
[25-Sep-2024 21:08:52 UTC] PHP Warning:  A non-numeric value encountered in C:\xampp\htdocs\INSOR\wp-content\themes\insor\functions.php on line 24
[25-Sep-2024 21:08:52 UTC] PHP Warning:  A non-numeric value encountered in C:\xampp\htdocs\INSOR\wp-content\themes\insor\functions.php on line 24
[25-Sep-2024 21:08:52 UTC] PHP Warning:  A non-numeric value encountered in C:\xampp\htdocs\INSOR\wp-content\themes\insor\functions.php on line 24
[25-Sep-2024 21:08:58 UTC] PHP Warning:  A non-numeric value encountered in C:\xampp\htdocs\INSOR\wp-content\themes\insor\functions.php on line 24
[25-Sep-2024 21:08:58 UTC] PHP Warning:  A non-numeric value encountered in C:\xampp\htdocs\INSOR\wp-content\themes\insor\functions.php on line 24
[25-Sep-2024 21:08:58 UTC] PHP Warning:  A non-numeric value encountered in C:\xampp\htdocs\INSOR\wp-content\themes\insor\functions.php on line 24
[25-Sep-2024 21:08:58 UTC] PHP Warning:  A non-numeric value encountered in C:\xampp\htdocs\INSOR\wp-content\themes\insor\functions.php on line 24
[25-Sep-2024 21:08:58 UTC] PHP Warning:  A non-numeric value encountered in C:\xampp\htdocs\INSOR\wp-content\themes\insor\functions.php on line 24
[25-Sep-2024 21:08:58 UTC] PHP Warning:  A non-numeric value encountered in C:\xampp\htdocs\INSOR\wp-content\themes\insor\functions.php on line 24
[25-Sep-2024 21:08:58 UTC] PHP Warning:  A non-numeric value encountered in C:\xampp\htdocs\INSOR\wp-content\themes\insor\functions.php on line 24
[25-Sep-2024 21:08:58 UTC] PHP Warning:  A non-numeric value encountered in C:\xampp\htdocs\INSOR\wp-content\themes\insor\functions.php on line 24
[25-Sep-2024 21:08:58 UTC] PHP Warning:  A non-numeric value encountered in C:\xampp\htdocs\INSOR\wp-content\themes\insor\functions.php on line 24
[25-Sep-2024 21:08:58 UTC] PHP Warning:  A non-numeric value encountered in C:\xampp\htdocs\INSOR\wp-content\themes\insor\functions.php on line 24
[25-Sep-2024 21:08:58 UTC] PHP Warning:  A non-numeric value encountered in C:\xampp\htdocs\INSOR\wp-content\themes\insor\functions.php on line 24
[25-Sep-2024 21:08:58 UTC] PHP Warning:  A non-numeric value encountered in C:\xampp\htdocs\INSOR\wp-content\themes\insor\functions.php on line 24
[25-Sep-2024 21:08:58 UTC] PHP Warning:  A non-numeric value encountered in C:\xampp\htdocs\INSOR\wp-content\themes\insor\functions.php on line 24
[25-Sep-2024 21:08:58 UTC] PHP Warning:  A non-numeric value encountered in C:\xampp\htdocs\INSOR\wp-content\themes\insor\functions.php on line 24
[25-Sep-2024 21:08:58 UTC] PHP Warning:  A non-numeric value encountered in C:\xampp\htdocs\INSOR\wp-content\themes\insor\functions.php on line 24
[25-Sep-2024 21:08:58 UTC] PHP Warning:  A non-numeric value encountered in C:\xampp\htdocs\INSOR\wp-content\themes\insor\functions.php on line 24
[25-Sep-2024 21:08:58 UTC] PHP Warning:  A non-numeric value encountered in C:\xampp\htdocs\INSOR\wp-content\themes\insor\functions.php on line 24
[25-Sep-2024 21:08:58 UTC] PHP Warning:  A non-numeric value encountered in C:\xampp\htdocs\INSOR\wp-content\themes\insor\functions.php on line 24
[25-Sep-2024 21:08:58 UTC] PHP Warning:  A non-numeric value encountered in C:\xampp\htdocs\INSOR\wp-content\themes\insor\functions.php on line 24
[25-Sep-2024 21:08:58 UTC] PHP Warning:  A non-numeric value encountered in C:\xampp\htdocs\INSOR\wp-content\themes\insor\functions.php on line 24
[25-Sep-2024 21:08:58 UTC] PHP Warning:  A non-numeric value encountered in C:\xampp\htdocs\INSOR\wp-content\themes\insor\functions.php on line 24
[25-Sep-2024 21:08:58 UTC] PHP Warning:  A non-numeric value encountered in C:\xampp\htdocs\INSOR\wp-content\themes\insor\functions.php on line 24
[25-Sep-2024 21:08:58 UTC] PHP Warning:  A non-numeric value encountered in C:\xampp\htdocs\INSOR\wp-content\themes\insor\functions.php on line 24
[25-Sep-2024 21:08:58 UTC] PHP Warning:  A non-numeric value encountered in C:\xampp\htdocs\INSOR\wp-content\themes\insor\functions.php on line 24
[25-Sep-2024 21:08:58 UTC] PHP Warning:  A non-numeric value encountered in C:\xampp\htdocs\INSOR\wp-content\themes\insor\functions.php on line 24
[25-Sep-2024 21:08:58 UTC] PHP Warning:  A non-numeric value encountered in C:\xampp\htdocs\INSOR\wp-content\themes\insor\functions.php on line 24
[25-Sep-2024 21:09:26 UTC] PHP Warning:  A non-numeric value encountered in C:\xampp\htdocs\INSOR\wp-content\themes\insor\functions.php on line 24
[25-Sep-2024 21:09:26 UTC] PHP Warning:  A non-numeric value encountered in C:\xampp\htdocs\INSOR\wp-content\themes\insor\functions.php on line 24
[25-Sep-2024 21:09:26 UTC] PHP Warning:  A non-numeric value encountered in C:\xampp\htdocs\INSOR\wp-content\themes\insor\functions.php on line 24
[25-Sep-2024 21:09:26 UTC] PHP Warning:  A non-numeric value encountered in C:\xampp\htdocs\INSOR\wp-content\themes\insor\functions.php on line 24
[25-Sep-2024 21:09:26 UTC] PHP Warning:  A non-numeric value encountered in C:\xampp\htdocs\INSOR\wp-content\themes\insor\functions.php on line 24
[25-Sep-2024 21:09:26 UTC] PHP Warning:  A non-numeric value encountered in C:\xampp\htdocs\INSOR\wp-content\themes\insor\functions.php on line 24
[25-Sep-2024 21:09:26 UTC] PHP Warning:  A non-numeric value encountered in C:\xampp\htdocs\INSOR\wp-content\themes\insor\functions.php on line 24
[25-Sep-2024 21:09:26 UTC] PHP Warning:  A non-numeric value encountered in C:\xampp\htdocs\INSOR\wp-content\themes\insor\functions.php on line 24
[25-Sep-2024 21:09:26 UTC] PHP Warning:  A non-numeric value encountered in C:\xampp\htdocs\INSOR\wp-content\themes\insor\functions.php on line 24
[25-Sep-2024 21:09:26 UTC] PHP Warning:  A non-numeric value encountered in C:\xampp\htdocs\INSOR\wp-content\themes\insor\functions.php on line 24
[25-Sep-2024 21:09:26 UTC] PHP Warning:  A non-numeric value encountered in C:\xampp\htdocs\INSOR\wp-content\themes\insor\functions.php on line 24
[25-Sep-2024 21:09:26 UTC] PHP Warning:  A non-numeric value encountered in C:\xampp\htdocs\INSOR\wp-content\themes\insor\functions.php on line 24
[25-Sep-2024 21:09:26 UTC] PHP Warning:  A non-numeric value encountered in C:\xampp\htdocs\INSOR\wp-content\themes\insor\functions.php on line 24
[25-Sep-2024 21:09:26 UTC] PHP Warning:  A non-numeric value encountered in C:\xampp\htdocs\INSOR\wp-content\themes\insor\functions.php on line 24
[25-Sep-2024 21:09:26 UTC] PHP Warning:  A non-numeric value encountered in C:\xampp\htdocs\INSOR\wp-content\themes\insor\functions.php on line 24
[25-Sep-2024 21:09:26 UTC] PHP Warning:  A non-numeric value encountered in C:\xampp\htdocs\INSOR\wp-content\themes\insor\functions.php on line 24
[25-Sep-2024 21:09:26 UTC] PHP Warning:  A non-numeric value encountered in C:\xampp\htdocs\INSOR\wp-content\themes\insor\functions.php on line 24
[25-Sep-2024 21:09:26 UTC] PHP Warning:  A non-numeric value encountered in C:\xampp\htdocs\INSOR\wp-content\themes\insor\functions.php on line 24
[25-Sep-2024 21:09:26 UTC] PHP Warning:  A non-numeric value encountered in C:\xampp\htdocs\INSOR\wp-content\themes\insor\functions.php on line 24
[25-Sep-2024 21:09:26 UTC] PHP Warning:  A non-numeric value encountered in C:\xampp\htdocs\INSOR\wp-content\themes\insor\functions.php on line 24
[25-Sep-2024 21:09:27 UTC] PHP Warning:  A non-numeric value encountered in C:\xampp\htdocs\INSOR\wp-content\themes\insor\functions.php on line 24
[25-Sep-2024 21:09:27 UTC] PHP Warning:  A non-numeric value encountered in C:\xampp\htdocs\INSOR\wp-content\themes\insor\functions.php on line 24
[25-Sep-2024 21:09:27 UTC] PHP Warning:  A non-numeric value encountered in C:\xampp\htdocs\INSOR\wp-content\themes\insor\functions.php on line 24
[25-Sep-2024 21:09:27 UTC] PHP Warning:  A non-numeric value encountered in C:\xampp\htdocs\INSOR\wp-content\themes\insor\functions.php on line 24
[25-Sep-2024 21:09:27 UTC] PHP Warning:  A non-numeric value encountered in C:\xampp\htdocs\INSOR\wp-content\themes\insor\functions.php on line 24
[25-Sep-2024 21:09:27 UTC] PHP Warning:  A non-numeric value encountered in C:\xampp\htdocs\INSOR\wp-content\themes\insor\functions.php on line 24
